A51 MACRO ASSEMBLER  TRY1                                                                 03/10/2021 15:42:15 PAGE     1


MACRO ASSEMBLER A51 V8.2.7.0
OBJECT MODULE PLACED IN .\Objects\try1.obj
ASSEMBLER INVOKED BY: D:\Keil\C51\BIN\A51.EXE try1.a51 SET(SMALL) DEBUG PRINT(.\Listings\try1.lst) OBJECT(.\Objects\try1
                      .obj) EP

LOC  OBJ            LINE     SOURCE

  0097                 1     LED EQU P1.7
                       2             
                       3     ;ORG 000BH
                       4             ;ACALL Timer0_interrupt 
                       5             ;RETI
                       6     NAME    Timer0_subroutines
                       7     
                       8     ?PR?timer_init?TIMER_INIT    SEGMENT CODE
                       9             PUBLIC  timer_init
----                  10             RSEG    ?PR?timer_init?TIMER_INIT
                      11                     ;USING register bank 2  
0000 758901           12     timer_init: MOV TMOD,#0x01
0003 D2D4             13                             SETB PSW.4
                      14                             ;MOV TCON,#0x01
0005 D2A9             15                             SETB ET0
0007 A881             16                             MOV R0,81H
0009 868C             17                             MOV TH0,@R0
000B 08               18                             INC R0
000C 868A             19                             MOV TL0,@R0
000E C2D4             20                             CLR PSW.4
0010 D2AF             21                             SETB EA
0012 D28C             22                             SETB TR0
0014 22               23                             RET
                      24                                     
                      25     ?PR?init?INIT    SEGMENT CODE
                      26             PUBLIC  init
----                  27             RSEG    ?PR?init?INIT
                      28                     ;USING register bank 2  
0000 D2D4             29             init:SETB PSW.4
                      30                     
0002 7881             31                      MOV R0,#81H
0004 76FC             32              MOV @R0,#0FCH
0006 08               33              INC R0
0007 7648             34              MOV @R0,#48H
0009 C2D4             35                      CLR PSW.4
000B 22               36              RET             
                      37                      
                      38     ?PR?timer0_int?TIMER0_INT    SEGMENT CODE
                      39             PUBLIC  timer0_int
----                  40             RSEG    ?PR?timer0_int?TIMER0_INT
                      41                             
                      42                             ;USING register bank 2  
0000 C28D             43     timer0_int: CLR TF0
0002 C28C             44                               CLR TR0
0004 D2D4             45                               SETB PSW.4
0006 7881             46                               MOV R0,#81H
0008 868C             47                               MOV TH0,@R0
000A 08               48                               INC R0
000B 868A             49                               MOV TL0,@R0
000D B297             50                               CPL LED
000F C2D4             51                               CLR PSW.4
0011 D28C             52                               SETB TR0
0013 22               53                               RET
                      54                                       
                      55     END                               
A51 MACRO ASSEMBLER  TRY1                                                                 03/10/2021 15:42:15 PAGE     2

SYMBOL TABLE LISTING
------ ----- -------


N A M E                    T Y P E  V A L U E   ATTRIBUTES

?PR?INIT?INIT . . . . . .  C SEG    000CH       REL=UNIT
?PR?TIMER0_INT?TIMER0_INT  C SEG    0014H       REL=UNIT
?PR?TIMER_INIT?TIMER_INIT  C SEG    0015H       REL=UNIT
EA. . . . . . . . . . . .  B ADDR   00A8H.7 A   
ET0 . . . . . . . . . . .  B ADDR   00A8H.1 A   
INIT. . . . . . . . . . .  C ADDR   0000H   R   SEG=?PR?INIT?INIT
LED . . . . . . . . . . .  B ADDR   0090H.7 A   
P1. . . . . . . . . . . .  D ADDR   0090H   A   
PSW . . . . . . . . . . .  D ADDR   00D0H   A   
TF0 . . . . . . . . . . .  B ADDR   0088H.5 A   
TH0 . . . . . . . . . . .  D ADDR   008CH   A   
TIMER0_INT. . . . . . . .  C ADDR   0000H   R   SEG=?PR?TIMER0_INT?TIMER0_INT
TIMER0_SUBROUTINES. . . .  N NUMB   -----       
TIMER_INIT. . . . . . . .  C ADDR   0000H   R   SEG=?PR?TIMER_INIT?TIMER_INIT
TL0 . . . . . . . . . . .  D ADDR   008AH   A   
TMOD. . . . . . . . . . .  D ADDR   0089H   A   
TR0 . . . . . . . . . . .  B ADDR   0088H.4 A   


REGISTER BANK(S) USED: 0 


ASSEMBLY COMPLETE.  0 WARNING(S), 0 ERROR(S)
